<?xml version="1.0" encoding="UTF-8"?>
<!-- Generated by org.testng.reporters.JUnitReportReporter -->
<testsuite hostname="DESKTOP-E8ITG7R" failures="0" tests="4" name="TestNG.Operation" time="0.045" errors="0" timestamp="30 Nov 2024 15:23:56 GMT" skipped="0">
  <testcase classname="TestNG.Operation" name="Div" time="0.003"/>
  <testcase classname="TestNG.Operation" name="Mul" time="0.007"/>
  <testcase classname="TestNG.Operation" name="Sub" time="0.003"/>
  <testcase classname="TestNG.Operation" name="Add" time="0.032"/>
</testsuite> <!-- TestNG.Operation -->
