<?xml version="1.0" encoding="UTF-8"?>
<!-- Generated by org.testng.reporters.JUnitReportReporter -->
<testsuite hostname="DESKTOP-E8ITG7R" failures="0" tests="1" name="TestNG.FirstDemo" time="0.097" errors="0" timestamp="23 Nov 2024 03:08:23 GMT" skipped="0">
  <testcase classname="TestNG.FirstDemo" name="get" time="0.097"/>
</testsuite> <!-- TestNG.FirstDemo -->
